21/03/2023:19:16:26 330 [Calculator.java] [INFO] org.example.Calculator [SQ ROOT] - 16.0
21/03/2023:19:16:26 337 [Calculator.java] [INFO] org.example.Calculator [RESULT - SQ ROOT] - 4.0
21/03/2023:19:16:26 337 [Calculator.java] [INFO] org.example.Calculator [SQ ROOT] - 1.0
21/03/2023:19:16:26 338 [Calculator.java] [INFO] org.example.Calculator [RESULT - SQ ROOT] - 1.0
21/03/2023:19:16:26 338 [Calculator.java] [INFO] org.example.Calculator [SQ ROOT] - 81.0
21/03/2023:19:16:26 339 [Calculator.java] [INFO] org.example.Calculator [RESULT - SQ ROOT] - 9.0
21/03/2023:19:16:26 339 [Calculator.java] [INFO] org.example.Calculator [SQ ROOT] - 36.0
21/03/2023:19:16:26 339 [Calculator.java] [INFO] org.example.Calculator [RESULT - SQ ROOT] - 6.0
21/03/2023:19:16:26 340 [Calculator.java] [INFO] org.example.Calculator [SQ ROOT] - 3.0
21/03/2023:19:16:26 341 [Calculator.java] [INFO] org.example.Calculator [RESULT - SQ ROOT] - 1.7320508075688772
21/03/2023:19:16:26 341 [Calculator.java] [INFO] org.example.Calculator [SQ ROOT] - 4.0
21/03/2023:19:16:26 342 [Calculator.java] [INFO] org.example.Calculator [RESULT - SQ ROOT] - 2.0
21/03/2023:19:16:26 342 [Calculator.java] [INFO] org.example.Calculator [SQ ROOT] - 81.0
21/03/2023:19:16:26 342 [Calculator.java] [INFO] org.example.Calculator [RESULT - SQ ROOT] - 9.0
21/03/2023:19:16:26 343 [Calculator.java] [INFO] org.example.Calculator [SQ ROOT] - 36.0
21/03/2023:19:16:26 343 [Calculator.java] [INFO] org.example.Calculator [RESULT - SQ ROOT] - 6.0
21/03/2023:19:16:26 344 [Calculator.java] [INFO] org.example.Calculator [NATURAL LOG] - 1.0
21/03/2023:19:16:26 345 [Calculator.java] [INFO] org.example.Calculator [RESULT - NATURAL LOG] - 0.0
21/03/2023:19:16:26 346 [Calculator.java] [INFO] org.example.Calculator [POWER] - 3.0
21/03/2023:19:16:26 347 [Calculator.java] [INFO] org.example.Calculator [RESULT - POWER] - 8.0
21/03/2023:19:16:26 348 [Calculator.java] [INFO] org.example.Calculator [POWER] - 3.0
21/03/2023:19:16:26 348 [Calculator.java] [INFO] org.example.Calculator [RESULT - POWER] - 27.0
21/03/2023:19:16:26 348 [Calculator.java] [INFO] org.example.Calculator [POWER] - 3.0
21/03/2023:19:16:26 349 [Calculator.java] [INFO] org.example.Calculator [RESULT - POWER] - 64.0
21/03/2023:19:16:26 349 [Calculator.java] [INFO] org.example.Calculator [POWER] - 3.0
21/03/2023:19:16:26 349 [Calculator.java] [INFO] org.example.Calculator [RESULT - POWER] - 125.0
21/03/2023:19:16:26 350 [Calculator.java] [INFO] org.example.Calculator [POWER] - 3.0
21/03/2023:19:16:26 350 [Calculator.java] [INFO] org.example.Calculator [RESULT - POWER] - 8.0
21/03/2023:19:16:26 350 [Calculator.java] [INFO] org.example.Calculator [POWER] - 3.0
21/03/2023:19:16:26 350 [Calculator.java] [INFO] org.example.Calculator [RESULT - POWER] - 1.0
21/03/2023:19:16:26 351 [Calculator.java] [INFO] org.example.Calculator [POWER] - 4.0
21/03/2023:19:16:26 351 [Calculator.java] [INFO] org.example.Calculator [RESULT - POWER] - 81.0
21/03/2023:19:16:26 351 [Calculator.java] [INFO] org.example.Calculator [POWER] - 3.0
21/03/2023:19:16:26 352 [Calculator.java] [INFO] org.example.Calculator [RESULT - POWER] - 64.0
21/03/2023:19:16:26 352 [Calculator.java] [INFO] org.example.Calculator [POWER] - 2.0
21/03/2023:19:16:26 353 [Calculator.java] [INFO] org.example.Calculator [RESULT - POWER] - 25.0
21/03/2023:19:16:26 354 [Calculator.java] [INFO] org.example.Calculator [NATURAL LOG] - 2.4
21/03/2023:19:16:26 354 [Calculator.java] [INFO] org.example.Calculator [RESULT - NATURAL LOG] - 0.8754687373538999
21/03/2023:19:16:26 354 [Calculator.java] [INFO] org.example.Calculator [NATURAL LOG] - 2.1
21/03/2023:19:16:26 355 [Calculator.java] [INFO] org.example.Calculator [RESULT - NATURAL LOG] - 0.7419373447293773
